@gcd(a: int, b: int): int {
.ENTRY:
.gcd_bb0:
  v1.1: int = id b;
  v2.1: int = id a;
  v3.1: bool = gt v1.1 v2.1;
  br v3.1 .then.0 .else.0;
.then.0:
  v4.1: int = id a;
  tmp.1: int = id v4.1;
  v5.1: int = id b;
  a.1: int = id v5.1;
  v6.1: int = id tmp.1;
  b.1: int = id v6.1;
  jmp .endif.0;
.else.0:
.endif.0:
  a.2 = phi a.1 .then.0 a .else.0;
  v4.2 = phi v4.1 .then.0 v4.NOT_DEFINED .else.0;
  v6.2 = phi v6.1 .then.0 v6.NOT_DEFINED .else.0;
  v5.2 = phi v5.1 .then.0 v5.NOT_DEFINED .else.0;
  b.2 = phi b.1 .then.0 b .else.0;
  tmp.2 = phi tmp.1 .then.0 tmp.NOT_DEFINED .else.0;
  v8.1: int = id a.2;
  v9.1: int = const 0;
  v10.1: bool = eq v8.1 v9.1;
  br v10.1 .then.7 .else.7;
.then.7:
  v11.1: int = id b.2;
  ret v11.1;
  jmp .endif.7;
.else.7:
  v13.2: int = id b.2;
  v14.2: int = const 0;
  v15.2: bool = eq v13.2 v14.2;
  br v15.2 .then.12 .else.12;
.then.12:
  v16.2: int = id a.2;
  ret v16.2;
  jmp .endif.12;
.else.12:
.endif.12:
  v16.3 = phi v16.2 .then.12 v16.NOT_DEFINED .else.12;
.endif.7:
  v14.1 = phi v14.NOT_DEFINED .then.7 v14.2 .endif.12;
  v16.1 = phi v16.NOT_DEFINED .then.7 v16.3 .endif.12;
  v13.1 = phi v13.NOT_DEFINED .then.7 v13.2 .endif.12;
  v11.2 = phi v11.1 .then.7 v11.NOT_DEFINED .endif.12;
  v15.1 = phi v15.NOT_DEFINED .then.7 v15.2 .endif.12;
  v17.1: int = id a.2;
  v18.1: int = id b.2;
  remainder.1: int = call @mod v17.1 v18.1;
  remainder.2: int = id remainder.1;
  v19.1: int = id b.2;
  v20.1: int = id remainder.2;
  g.1: int = call @gcd v19.1 v20.1;
  g.2: int = id g.1;
  v21.1: int = id g.2;
  ret v21.1;
}